e:\graphicsengine\libgraphicsengine\lib\temp\x64\debug\libgraphicsengine.pdb
e:\graphicsengine\libgraphicsengine\lib\temp\x64\debug\libgraphicsengine.idb
e:\graphicsengine\libgraphicsengine\lib\temp\x64\debug\graphicssystem.obj
e:\graphicsengine\libgraphicsengine\lib\temp\x64\debug\geometricprimitive.obj
e:\graphicsengine\libgraphicsengine\lib\temp\x64\debug\nodecomponent.obj
e:\graphicsengine\libgraphicsengine\lib\temp\x64\debug\materialcomponent.obj
e:\graphicsengine\libgraphicsengine\lib\temp\x64\debug\fpscamera.obj
e:\graphicsengine\libgraphicsengine\lib\temp\x64\debug\camera.obj
e:\graphicsengine\libgraphicsengine\lib\temp\x64\debug\graphicsengine.obj
e:\graphicsengine\libgraphicsengine\lib\temp\x64\debug\timer.obj
e:\graphicsengine\libgraphicsengine\lib\temp\x64\debug\win32platform.obj
e:\graphicsengine\libgraphicsengine\lib\temp\x64\debug\win32app.obj
e:\graphicsengine\libgraphicsengine\lib\temp\x64\debug\platform.obj
e:\graphicsengine\libgraphicsengine\lib\temp\x64\debug\memoryutility.obj
e:\graphicsengine\libgraphicsengine\lib\temp\x64\debug\memoryoperations.obj
e:\graphicsengine\libgraphicsengine\lib\temp\x64\debug\memorybenchmark.obj
e:\graphicsengine\libgraphicsengine\lib\temp\x64\debug\liniarallocator.obj
e:\graphicsengine\libgraphicsengine\lib\temp\x64\debug\fileutils.obj
e:\graphicsengine\libgraphicsengine\lib\temp\x64\debug\engine.obj
e:\graphicsengine\libgraphicsengine\lib\temp\x64\debug\windowapplication.obj
e:\graphicsengine\libgraphicsengine\lib\temp\x64\debug\consoleapplication.obj
e:\graphicsengine\libgraphicsengine\lib\temp\x64\debug\application.obj
e:\graphicsengine\libgraphicsengine\lib\temp\x64\debug\vulkancomputepipeline.obj
e:\graphicsengine\libgraphicsengine\lib\temp\x64\debug\vulkancommandpool.obj
e:\graphicsengine\libgraphicsengine\lib\temp\x64\debug\vulkancommandbuffer.obj
e:\graphicsengine\libgraphicsengine\lib\temp\x64\debug\vulkanbufferview.obj
e:\graphicsengine\libgraphicsengine\lib\temp\x64\debug\vulkanbuffer.obj
e:\graphicsengine\libgraphicsengine\lib\temp\x64\debug\vulkanallocator.obj
e:\graphicsengine\libgraphicsengine\lib\temp\x64\debug\vertexformat.obj
e:\graphicsengine\libgraphicsengine\lib\temp\x64\debug\vertexbuffer.obj
e:\graphicsengine\libgraphicsengine\lib\temp\x64\debug\uniformbuffer.obj
e:\graphicsengine\libgraphicsengine\lib\temp\x64\debug\texture.obj
e:\graphicsengine\libgraphicsengine\lib\temp\x64\debug\shader.obj
e:\graphicsengine\libgraphicsengine\lib\temp\x64\debug\material.obj
e:\graphicsengine\libgraphicsengine\lib\temp\x64\debug\indexbuffer.obj
e:\graphicsengine\libgraphicsengine\lib\temp\x64\debug\renderqueue.obj
e:\graphicsengine\libgraphicsengine\lib\temp\x64\debug\renderpass.obj
e:\graphicsengine\libgraphicsengine\lib\temp\x64\debug\defaultrenderpass.obj
e:\graphicsengine\libgraphicsengine\lib\temp\x64\debug\renderer.obj
e:\graphicsengine\libgraphicsengine\lib\temp\x64\debug\pipelinestate.obj
e:\graphicsengine\libgraphicsengine\lib\temp\x64\debug\depthstate.obj
e:\graphicsengine\libgraphicsengine\lib\temp\x64\debug\alphastate.obj
e:\graphicsengine\libgraphicsengine\lib\temp\x64\debug\vulkanpoolallocator.obj
e:\graphicsengine\libgraphicsengine\lib\temp\x64\debug\vulkanpipelinelayout.obj
e:\graphicsengine\libgraphicsengine\lib\temp\x64\debug\vulkanpipelinecache.obj
e:\graphicsengine\libgraphicsengine\lib\temp\x64\debug\vulkanphysicaldevice.obj
e:\graphicsengine\libgraphicsengine\lib\temp\x64\debug\vulkanpassthroughallocator.obj
e:\graphicsengine\libgraphicsengine\lib\temp\x64\debug\vulkanlogicaldevice.obj
e:\graphicsengine\libgraphicsengine\lib\temp\x64\debug\vulkaninstance.obj
e:\graphicsengine\libgraphicsengine\lib\temp\x64\debug\vulkaninitializers.obj
e:\graphicsengine\libgraphicsengine\lib\temp\x64\debug\vulkanimageview.obj
e:\graphicsengine\libgraphicsengine\lib\temp\x64\debug\vulkanimage.obj
e:\graphicsengine\libgraphicsengine\lib\temp\x64\debug\vulkanhelpers.obj
e:\graphicsengine\libgraphicsengine\lib\temp\x64\debug\vulkangraphicspipeline.obj
e:\graphicsengine\libgraphicsengine\lib\temp\x64\debug\vulkanframebufferattachment.obj
e:\graphicsengine\libgraphicsengine\lib\temp\x64\debug\vulkanframebuffer.obj
e:\graphicsengine\libgraphicsengine\lib\temp\x64\debug\vulkanfence.obj
e:\graphicsengine\libgraphicsengine\lib\temp\x64\debug\vulkandevice.obj
e:\graphicsengine\libgraphicsengine\lib\temp\x64\debug\vulkandescriptorsetlayout.obj
e:\graphicsengine\libgraphicsengine\lib\temp\x64\debug\vulkandescriptorset.obj
e:\graphicsengine\libgraphicsengine\lib\temp\x64\debug\vulkandescriptorpool.obj
e:\graphicsengine\libgraphicsengine\lib\temp\x64\debug\vulkandebug.obj
e:\graphicsengine\libgraphicsengine\lib\temp\x64\debug\groupnode.obj
e:\graphicsengine\libgraphicsengine\lib\temp\x64\debug\geometrynode.obj
e:\graphicsengine\libgraphicsengine\lib\temp\x64\debug\cameranode.obj
e:\graphicsengine\libgraphicsengine\lib\temp\x64\debug\vulkanvertexformat.obj
e:\graphicsengine\libgraphicsengine\lib\temp\x64\debug\vulkanvertexbuffer.obj
e:\graphicsengine\libgraphicsengine\lib\temp\x64\debug\vulkanuniformbuffer.obj
e:\graphicsengine\libgraphicsengine\lib\temp\x64\debug\vulkantexture.obj
e:\graphicsengine\libgraphicsengine\lib\temp\x64\debug\vulkanshader.obj
e:\graphicsengine\libgraphicsengine\lib\temp\x64\debug\vulkanrenderer.obj
e:\graphicsengine\libgraphicsengine\lib\temp\x64\debug\vulkanmaterial.obj
e:\graphicsengine\libgraphicsengine\lib\temp\x64\debug\vulkanindexbuffer.obj
e:\graphicsengine\libgraphicsengine\lib\temp\x64\debug\vulkanswapchain.obj
e:\graphicsengine\libgraphicsengine\lib\temp\x64\debug\vulkansurface.obj
e:\graphicsengine\libgraphicsengine\lib\temp\x64\debug\vulkansubpass.obj
e:\graphicsengine\libgraphicsengine\lib\temp\x64\debug\vulkanshadermodule.obj
e:\graphicsengine\libgraphicsengine\lib\temp\x64\debug\vulkansemaphore.obj
e:\graphicsengine\libgraphicsengine\lib\temp\x64\debug\vulkansampler.obj
e:\graphicsengine\libgraphicsengine\lib\temp\x64\debug\vulkanrenderpassattachment.obj
e:\graphicsengine\libgraphicsengine\lib\temp\x64\debug\vulkanrenderpass.obj
e:\graphicsengine\libgraphicsengine\lib\temp\x64\debug\vulkanqueue.obj
e:\graphicsengine\libgraphicsengine\lib\temp\x64\debug\scenemanager.obj
e:\graphicsengine\libgraphicsengine\lib\temp\x64\debug\inputmanager.obj
e:\graphicsengine\libgraphicsengine\lib\temp\x64\debug\node.obj
e:\graphicsengine\libgraphicsengine\lib\temp\x64\debug\vulkanutils.obj
e:\graphicsengine\libgraphicsengine\lib\temp\x64\debug\buffer.obj
e:\graphicsengine\libgraphicsengine\lib\temp\x64\debug\resource.obj
e:\graphicsengine\libgraphicsengine\lib\temp\x64\debug\vulkanresource.obj
e:\graphicsengine\libgraphicsengine\lib\temp\x64\debug\system.obj
e:\graphicsengine\libgraphicsengine\lib\temp\x64\debug\inputsystem.obj
e:\graphicsengine\libgraphicsengine\lib\temp\x64\debug\vulkanrenderframebuffer.obj
e:\graphicsengine\libgraphicsengine\lib\temp\x64\debug\vulkanrendertarget.obj
e:\graphicsengine\libgraphicsengine\lib\temp\x64\debug\rendertarget.obj
e:\graphicsengine\libgraphicsengine\lib\temp\x64\debug\renderframebuffer.obj
e:\graphicsengine\libgraphicsengine\lib\temp\x64\debug\vulkanquerypool.obj
e:\graphicsengine\libgraphicsengine\lib\x64\debug\libgraphicsengine.lib
e:\graphicsengine\libgraphicsengine\lib\temp\x64\debug\libgraph.a9428bf3.tlog\cl.command.1.tlog
e:\graphicsengine\libgraphicsengine\lib\temp\x64\debug\libgraph.a9428bf3.tlog\cl.read.1.tlog
e:\graphicsengine\libgraphicsengine\lib\temp\x64\debug\libgraph.a9428bf3.tlog\cl.write.1.tlog
e:\graphicsengine\libgraphicsengine\lib\temp\x64\debug\libgraph.a9428bf3.tlog\lib-link.read.1.tlog
e:\graphicsengine\libgraphicsengine\lib\temp\x64\debug\libgraph.a9428bf3.tlog\lib-link.write.1.tlog
e:\graphicsengine\libgraphicsengine\lib\temp\x64\debug\libgraph.a9428bf3.tlog\lib.command.1.tlog
